<?xml version="1.0" encoding="UTF-8"?>
<!-- Generated by org.testng.reporters.JUnitReportReporter -->
<testsuite skipped="0" hostname="DESKTOP-VI69P7C" name="com.MS.qa.testcases.HomePageTest" tests="3" failures="0" timestamp="04 Jun 2019 17:54:44 GMT" time="59.740" errors="0">
  <testcase name="validateTitleTest" time="13.149" classname="com.MS.qa.testcases.HomePageTest"/>
  <testcase name="homePageHeaderTest" time="18.332" classname="com.MS.qa.testcases.HomePageTest"/>
  <testcase name="homePageFooterTest" time="28.259" classname="com.MS.qa.testcases.HomePageTest"/>
</testsuite> <!-- com.MS.qa.testcases.HomePageTest -->
